Building the world...Complete
Performing test move:
Actuator Loations: 
(0.000000, 0.000000, 0.000000)
(0.707107, 0.000000, 0.707107)
(1.414214, 0.000000, 1.414214)
Actuator angles: 45.000000, 0.000000, 0.000000, 
EndPoint: (2.121320,0.000000,2.121320)
Actuator Loations: 
(0.000000, 0.000000, 0.000000)
(0.707107, 0.000000, 0.707107)
(0.707107, 0.000000, 1.707107)
Actuator angles: 45.000000, 45.000000, 0.000000, 
EndPoint: (0.707107,0.000000,2.707107)

Building the world...Complete
Performing test move:
Actuator Loations: 
(0.000000, 0.000000, 0.000000)
(0.707107, 0.000000, 0.707107)
(1.414214, 0.000000, 1.414214)
Actuator angles: 45.000000, 0.000000, 0.000000, 
EndPoint: (2.121320,0.000000,2.121320)
Actuator Loations: 
(0.000000, 0.000000, 0.000000)
(0.707107, 0.000000, 0.707107)
(0.707107, 0.000000, 1.707107)
Actuator angles: 45.000000, 45.000000, 0.000000, 
EndPoint: (0.707107,0.000000,2.707107)

Itterating through 5832000000 states...Itterating through 5832000000 states...Building the world...Complete
Performing test move:
Actuator Loations: 
(0.000000, 0.000000, 0.000000)
(0.707107, 0.000000, 0.707107)
(1.414214, 0.000000, 1.414214)
Actuator angles: 45.000000, 0.000000, 0.000000, 
EndPoint: (2.121320,0.000000,2.121320)
Actuator Loations: 
(0.000000, 0.000000, 0.000000)
(0.707107, 0.000000, 0.707107)
(0.707107, 0.000000, 1.707107)
Actuator angles: 45.000000, 45.000000, 0.000000, 
EndPoint: (0.707107,0.000000,2.707107)

Itterating through 5832000000 states...Building the world...Complete
Performing test move:
Actuator Loations: 
(0.000000, 0.000000, 0.000000)
(0.707107, 0.000000, 0.707107)
(1.414214, 0.000000, 1.414214)
Actuator angles: 45.000000, 0.000000, 0.000000, 
EndPoint: (2.121320,0.000000,2.121320)
Actuator Loations: 
(0.000000, 0.000000, 0.000000)
(0.707107, 0.000000, 0.707107)
(0.707107, 0.000000, 1.707107)
Actuator angles: 45.000000, 45.000000, 0.000000, 
EndPoint: (0.707107,0.000000,2.707107)

Building the world...Complete
Performing test move:
Actuator Loations: 
(0.000000, 0.000000, 0.000000)
(0.707107, 0.000000, 0.707107)
(1.414214, 0.000000, 1.414214)
Actuator angles: 45.000000, 0.000000, 0.000000, 
EndPoint: (2.121320,0.000000,2.121320)
Actuator Loations: 
(0.000000, 0.000000, 0.000000)
(0.707107, 0.000000, 0.707107)
(0.707107, 0.000000, 1.707107)
Actuator angles: 45.000000, 45.000000, 0.000000, 
EndPoint: (0.707107,0.000000,2.707107)

Itterating through 5832000000 states...Itterating through 5832000000 states...Building the world...Complete
Performing test move:
Actuator Loations: 
(0.000000, 0.000000, 0.000000)
(0.707107, 0.000000, 0.707107)
(1.414214, 0.000000, 1.414214)
Actuator angles: 45.000000, 0.000000, 0.000000, 
EndPoint: (2.121320,0.000000,2.121320)
Actuator Loations: 
(0.000000, 0.000000, 0.000000)
(0.707107, 0.000000, 0.707107)
(0.707107, 0.000000, 1.707107)
Actuator angles: 45.000000, 45.000000, 0.000000, 
EndPoint: (0.707107,0.000000,2.707107)

Itterating through 5832000000 states...Building the world...Complete
Performing test move:
Actuator Loations: 
(0.000000, 0.000000, 0.000000)
(0.707107, 0.000000, 0.707107)
(1.414214, 0.000000, 1.414214)
Actuator angles: 45.000000, 0.000000, 0.000000, 
EndPoint: (2.121320,0.000000,2.121320)
Actuator Loations: 
(0.000000, 0.000000, 0.000000)
(0.707107, 0.000000, 0.707107)
(0.707107, 0.000000, 1.707107)
Actuator angles: 45.000000, 45.000000, 0.000000, 
EndPoint: (0.707107,0.000000,2.707107)

Itterating through 5832000000 states...Building the world...Complete
Performing test move:
Actuator Loations: 
(0.000000, 0.000000, 0.000000)
(0.707107, 0.000000, 0.707107)
(1.414214, 0.000000, 1.414214)
Actuator angles: 45.000000, 0.000000, 0.000000, 
EndPoint: (2.121320,0.000000,2.121320)
Actuator Loations: 
(0.000000, 0.000000, 0.000000)
(0.707107, 0.000000, 0.707107)
(0.707107, 0.000000, 1.707107)
Actuator angles: 45.000000, 45.000000, 0.000000, 
EndPoint: (0.707107,0.000000,2.707107)

Building the world...Complete
Performing test move:
Actuator Loations: 
(0.000000, 0.000000, 0.000000)
(0.707107, 0.000000, 0.707107)
(1.414214, 0.000000, 1.414214)
Actuator angles: 45.000000, 0.000000, 0.000000, 
EndPoint: (2.121320,0.000000,2.121320)
Actuator Loations: 
(0.000000, 0.000000, 0.000000)
(0.707107, 0.000000, 0.707107)
(0.707107, 0.000000, 1.707107)
Actuator angles: 45.000000, 45.000000, 0.000000, 
EndPoint: (0.707107,0.000000,2.707107)

Building the world...Complete
Performing test move:
Actuator Loations: 
(0.000000, 0.000000, 0.000000)
(0.707107, 0.000000, 0.707107)
(1.414214, 0.000000, 1.414214)
Actuator angles: 45.000000, 0.000000, 0.000000, 
EndPoint: (2.121320,0.000000,2.121320)
Actuator Loations: 
(0.000000, 0.000000, 0.000000)
(0.707107, 0.000000, 0.707107)
(0.707107, 0.000000, 1.707107)
Actuator angles: 45.000000, 45.000000, 0.000000, 
EndPoint: (0.707107,0.000000,2.707107)

Itterating through 5832000000 states...Itterating through 5832000000 states...Itterating through 5832000000 states...Building the world...Complete
Performing test move:
Actuator Loations: 
(0.000000, 0.000000, 0.000000)
(0.707107, 0.000000, 0.707107)
(1.414214, 0.000000, 1.414214)
Actuator angles: 45.000000, 0.000000, 0.000000, 
EndPoint: (2.121320,0.000000,2.121320)
Actuator Loations: 
(0.000000, 0.000000, 0.000000)
(0.707107, 0.000000, 0.707107)
(0.707107, 0.000000, 1.707107)
Actuator angles: 45.000000, 45.000000, 0.000000, 
EndPoint: (0.707107,0.000000,2.707107)

Building the world...Complete
Performing test move:
Actuator Loations: 
(0.000000, 0.000000, 0.000000)
(0.707107, 0.000000, 0.707107)
(1.414214, 0.000000, 1.414214)
Actuator angles: 45.000000, 0.000000, 0.000000, 
EndPoint: (2.121320,0.000000,2.121320)
Actuator Loations: 
(0.000000, 0.000000, 0.000000)
(0.707107, 0.000000, 0.707107)
(0.707107, 0.000000, 1.707107)
Actuator angles: 45.000000, 45.000000, 0.000000, 
EndPoint: (0.707107,0.000000,2.707107)

Building the world...Complete
Performing test move:
Actuator Loations: 
(0.000000, 0.000000, 0.000000)
(0.707107, 0.000000, 0.707107)
(1.414214, 0.000000, 1.414214)
Actuator angles: 45.000000, 0.000000, 0.000000, 
EndPoint: (2.121320,0.000000,2.121320)
Actuator Loations: 
(0.000000, 0.000000, 0.000000)
(0.707107, 0.000000, 0.707107)
(0.707107, 0.000000, 1.707107)
Actuator angles: 45.000000, 45.000000, 0.000000, 
EndPoint: (0.707107,0.000000,2.707107)

Building the world...Complete
Performing test move:
Actuator Loations: 
(0.000000, 0.000000, 0.000000)
(0.707107, 0.000000, 0.707107)
(1.414214, 0.000000, 1.414214)
Actuator angles: 45.000000, 0.000000, 0.000000, 
EndPoint: (2.121320,0.000000,2.121320)
Actuator Loations: 
(0.000000, 0.000000, 0.000000)
(0.707107, 0.000000, 0.707107)
(0.707107, 0.000000, 1.707107)
Actuator angles: 45.000000, 45.000000, 0.000000, 
EndPoint: (0.707107,0.000000,2.707107)

Building the world...Complete
Performing test move:
Actuator Loations: 
(0.000000, 0.000000, 0.000000)
(0.707107, 0.000000, 0.707107)
(1.414214, 0.000000, 1.414214)
Actuator angles: 45.000000, 0.000000, 0.000000, 
EndPoint: (2.121320,0.000000,2.121320)
Actuator Loations: 
(0.000000, 0.000000, 0.000000)
(0.707107, 0.000000, 0.707107)
(0.707107, 0.000000, 1.707107)
Actuator angles: 45.000000, 45.000000, 0.000000, 
EndPoint: (0.707107,0.000000,2.707107)

Building the world...Complete
Performing test move:
Actuator Loations: 
(0.000000, 0.000000, 0.000000)
(0.707107, 0.000000, 0.707107)
(1.414214, 0.000000, 1.414214)
Actuator angles: 45.000000, 0.000000, 0.000000, 
EndPoint: (2.121320,0.000000,2.121320)
Actuator Loations: 
(0.000000, 0.000000, 0.000000)
(0.707107, 0.000000, 0.707107)
(0.707107, 0.000000, 1.707107)
Actuator angles: 45.000000, 45.000000, 0.000000, 
EndPoint: (0.707107,0.000000,2.707107)

Itterating through 5832000000 states...Building the world...Complete
Performing test move:
Actuator Loations: 
(0.000000, 0.000000, 0.000000)
(0.707107, 0.000000, 0.707107)
(1.414214, 0.000000, 1.414214)
Actuator angles: 45.000000, 0.000000, 0.000000, 
EndPoint: (2.121320,0.000000,2.121320)
Actuator Loations: 
(0.000000, 0.000000, 0.000000)
(0.707107, 0.000000, 0.707107)
(0.707107, 0.000000, 1.707107)
Actuator angles: 45.000000, 45.000000, 0.000000, 
EndPoint: (0.707107,0.000000,2.707107)

Itterating through 5832000000 states...Itterating through 5832000000 states...Building the world...Complete
Performing test move:
Actuator Loations: 
(0.000000, 0.000000, 0.000000)
(0.707107, 0.000000, 0.707107)
(1.414214, 0.000000, 1.414214)
Actuator angles: 45.000000, 0.000000, 0.000000, 
EndPoint: (2.121320,0.000000,2.121320)
Actuator Loations: 
(0.000000, 0.000000, 0.000000)
(0.707107, 0.000000, 0.707107)
(0.707107, 0.000000, 1.707107)
Actuator angles: 45.000000, 45.000000, 0.000000, 
EndPoint: (0.707107,0.000000,2.707107)

Itterating through 5832000000 states...Complete!
Time to brute search: 51.635969 

Lowest score was 0.000000 with angles: 90.000000, 0.000000, 180.000000, 
Actuator Loations: 
(0.000000, 0.000000, 0.000000)
(-0.000000, 0.000000, 1.000000)
(-0.000000, 0.000000, 2.000000)
EndPoint: (-0.000000,0.000000,1.000000)
Itterating through 5832000000 states...Itterating through 5832000000 states...Itterating through 5832000000 states...Itterating through 5832000000 states...Building the world...Complete
Performing test move:
Actuator Loations: 
(0.000000, 0.000000, 0.000000)
(0.707107, 0.000000, 0.707107)
(1.414214, 0.000000, 1.414214)
Actuator angles: 45.000000, 0.000000, 0.000000, 
EndPoint: (2.121320,0.000000,2.121320)
Actuator Loations: 
(0.000000, 0.000000, 0.000000)
(0.707107, 0.000000, 0.707107)
(0.707107, 0.000000, 1.707107)
Actuator angles: 45.000000, 45.000000, 0.000000, 
EndPoint: (0.707107,0.000000,2.707107)

Building the world...Complete
Performing test move:
Actuator Loations: 
(0.000000, 0.000000, 0.000000)
(0.707107, 0.000000, 0.707107)
(1.414214, 0.000000, 1.414214)
Actuator angles: 45.000000, 0.000000, 0.000000, 
EndPoint: (2.121320,0.000000,2.121320)
Actuator Loations: 
(0.000000, 0.000000, 0.000000)
(0.707107, 0.000000, 0.707107)
(0.707107, 0.000000, 1.707107)
Actuator angles: 45.000000, 45.000000, 0.000000, 
EndPoint: (0.707107,0.000000,2.707107)

Itterating through 5832000000 states...Itterating through 5832000000 states...Building the world...Complete
Performing test move:
Actuator Loations: 
(0.000000, 0.000000, 0.000000)
(0.707107, 0.000000, 0.707107)
(1.414214, 0.000000, 1.414214)
Actuator angles: 45.000000, 0.000000, 0.000000, 
EndPoint: (2.121320,0.000000,2.121320)
Actuator Loations: 
(0.000000, 0.000000, 0.000000)
(0.707107, 0.000000, 0.707107)
(0.707107, 0.000000, 1.707107)
Actuator angles: 45.000000, 45.000000, 0.000000, 
EndPoint: (0.707107,0.000000,2.707107)

Itterating through 5832000000 states...Complete!
Time to brute search: 86.142586 

Lowest score was 0.000000 with angles: 90.000000, 0.000000, 180.000000, 
Actuator Loations: 
(0.000000, 0.000000, 0.000000)
(-0.000000, 0.000000, 1.000000)
(-0.000000, 0.000000, 2.000000)
EndPoint: (-0.000000,0.000000,1.000000)
Building the world...Complete
Performing test move:
Actuator Loations: 
(0.000000, 0.000000, 0.000000)
(0.707107, 0.000000, 0.707107)
(1.414214, 0.000000, 1.414214)
Actuator angles: 45.000000, 0.000000, 0.000000, 
EndPoint: (2.121320,0.000000,2.121320)
Actuator Loations: 
(0.000000, 0.000000, 0.000000)
(0.707107, 0.000000, 0.707107)
(0.707107, 0.000000, 1.707107)
Actuator angles: 45.000000, 45.000000, 0.000000, 
EndPoint: (0.707107,0.000000,2.707107)

Building the world...Complete
Performing test move:
Actuator Loations: 
(0.000000, 0.000000, 0.000000)
(0.707107, 0.000000, 0.707107)
(1.414214, 0.000000, 1.414214)
Actuator angles: 45.000000, 0.000000, 0.000000, 
EndPoint: (2.121320,0.000000,2.121320)
Actuator Loations: 
(0.000000, 0.000000, 0.000000)
(0.707107, 0.000000, 0.707107)
(0.707107, 0.000000, 1.707107)
Actuator angles: 45.000000, 45.000000, 0.000000, 
EndPoint: (0.707107,0.000000,2.707107)

Itterating through 5832000000 states...Itterating through 5832000000 states...Building the world...Complete
Performing test move:
Actuator Loations: 
(0.000000, 0.000000, 0.000000)
(0.707107, 0.000000, 0.707107)
(1.414214, 0.000000, 1.414214)
Actuator angles: 45.000000, 0.000000, 0.000000, 
EndPoint: (2.121320,0.000000,2.121320)
Actuator Loations: 
(0.000000, 0.000000, 0.000000)
(0.707107, 0.000000, 0.707107)
(0.707107, 0.000000, 1.707107)
Actuator angles: 45.000000, 45.000000, 0.000000, 
EndPoint: (0.707107,0.000000,2.707107)

Itterating through 5832000000 states...Building the world...Complete
Performing test move:
Actuator Loations: 
(0.000000, 0.000000, 0.000000)
(0.707107, 0.000000, 0.707107)
(1.414214, 0.000000, 1.414214)
Actuator angles: 45.000000, 0.000000, 0.000000, 
EndPoint: (2.121320,0.000000,2.121320)
Actuator Loations: 
(0.000000, 0.000000, 0.000000)
(0.707107, 0.000000, 0.707107)
(0.707107, 0.000000, 1.707107)
Actuator angles: 45.000000, 45.000000, 0.000000, 
EndPoint: (0.707107,0.000000,2.707107)

Itterating through 5832000000 states...Building the world...Complete
Performing test move:
Actuator Loations: 
(0.000000, 0.000000, 0.000000)
(0.707107, 0.000000, 0.707107)
(1.414214, 0.000000, 1.414214)
Actuator angles: 45.000000, 0.000000, 0.000000, 
EndPoint: (2.121320,0.000000,2.121320)
Actuator Loations: 
(0.000000, 0.000000, 0.000000)
(0.707107, 0.000000, 0.707107)
(0.707107, 0.000000, 1.707107)
Actuator angles: 45.000000, 45.000000, 0.000000, 
EndPoint: (0.707107,0.000000,2.707107)

Building the world...Complete
Performing test move:
Actuator Loations: 
(0.000000, 0.000000, 0.000000)
(0.707107, 0.000000, 0.707107)
(1.414214, 0.000000, 1.414214)
Actuator angles: 45.000000, 0.000000, 0.000000, 
EndPoint: (2.121320,0.000000,2.121320)
Actuator Loations: 
(0.000000, 0.000000, 0.000000)
(0.707107, 0.000000, 0.707107)
(0.707107, 0.000000, 1.707107)
Actuator angles: 45.000000, 45.000000, 0.000000, 
EndPoint: (0.707107,0.000000,2.707107)

Building the world...Complete
Performing test move:
Actuator Loations: 
(0.000000, 0.000000, 0.000000)
(0.707107, 0.000000, 0.707107)
(1.414214, 0.000000, 1.414214)
Actuator angles: 45.000000, 0.000000, 0.000000, 
EndPoint: (2.121320,0.000000,2.121320)
Actuator Loations: 
(0.000000, 0.000000, 0.000000)
(0.707107, 0.000000, 0.707107)
(0.707107, 0.000000, 1.707107)
Actuator angles: 45.000000, 45.000000, 0.000000, 
EndPoint: (0.707107,0.000000,2.707107)

Building the world...Complete
Performing test move:
Actuator Loations: 
(0.000000, 0.000000, 0.000000)
(0.707107, 0.000000, 0.707107)
(1.414214, 0.000000, 1.414214)
Actuator angles: 45.000000, 0.000000, 0.000000, 
EndPoint: (2.121320,0.000000,2.121320)
Actuator Loations: 
(0.000000, 0.000000, 0.000000)
(0.707107, 0.000000, 0.707107)
(0.707107, 0.000000, 1.707107)
Actuator angles: 45.000000, 45.000000, 0.000000, 
EndPoint: (0.707107,0.000000,2.707107)

Building the world...Complete
Performing test move:
Actuator Loations: 
(0.000000, 0.000000, 0.000000)
(0.707107, 0.000000, 0.707107)
(1.414214, 0.000000, 1.414214)
Actuator angles: 45.000000, 0.000000, 0.000000, 
EndPoint: (2.121320,0.000000,2.121320)
Actuator Loations: 
(0.000000, 0.000000, 0.000000)
(0.707107, 0.000000, 0.707107)
(0.707107, 0.000000, 1.707107)
Actuator angles: 45.000000, 45.000000, 0.000000, 
EndPoint: (0.707107,0.000000,2.707107)

Itterating through 5832000000 states...Itterating through 5832000000 states...Building the world...Complete
Performing test move:
Actuator Loations: 
(0.000000, 0.000000, 0.000000)
(0.707107, 0.000000, 0.707107)
(1.414214, 0.000000, 1.414214)
Actuator angles: 45.000000, 0.000000, 0.000000, 
EndPoint: (2.121320,0.000000,2.121320)
Actuator Loations: 
(0.000000, 0.000000, 0.000000)
(0.707107, 0.000000, 0.707107)
(0.707107, 0.000000, 1.707107)
Actuator angles: 45.000000, 45.000000, 0.000000, 
EndPoint: (0.707107,0.000000,2.707107)

Itterating through 5832000000 states...Itterating through 5832000000 states...Itterating through 5832000000 states...Itterating through 5832000000 states...Building the world...Complete
Performing test move:
Actuator Loations: 
(0.000000, 0.000000, 0.000000)
(0.707107, 0.000000, 0.707107)
(1.414214, 0.000000, 1.414214)
Actuator angles: 45.000000, 0.000000, 0.000000, 
EndPoint: (2.121320,0.000000,2.121320)
Actuator Loations: 
(0.000000, 0.000000, 0.000000)
(0.707107, 0.000000, 0.707107)
(0.707107, 0.000000, 1.707107)
Actuator angles: 45.000000, 45.000000, 0.000000, 
EndPoint: (0.707107,0.000000,2.707107)

Building the world...Complete
Performing test move:
Actuator Loations: 
(0.000000, 0.000000, 0.000000)
(0.707107, 0.000000, 0.707107)
(1.414214, 0.000000, 1.414214)
Actuator angles: 45.000000, 0.000000, 0.000000, 
EndPoint: (2.121320,0.000000,2.121320)
Actuator Loations: 
(0.000000, 0.000000, 0.000000)
(0.707107, 0.000000, 0.707107)
(0.707107, 0.000000, 1.707107)
Actuator angles: 45.000000, 45.000000, 0.000000, 
EndPoint: (0.707107,0.000000,2.707107)

Building the world...Complete
Performing test move:
Actuator Loations: 
(0.000000, 0.000000, 0.000000)
(0.707107, 0.000000, 0.707107)
(1.414214, 0.000000, 1.414214)
Actuator angles: 45.000000, 0.000000, 0.000000, 
EndPoint: (2.121320,0.000000,2.121320)
Actuator Loations: 
(0.000000, 0.000000, 0.000000)
(0.707107, 0.000000, 0.707107)
(0.707107, 0.000000, 1.707107)
Actuator angles: 45.000000, 45.000000, 0.000000, 
EndPoint: (0.707107,0.000000,2.707107)

Building the world...Complete
Performing test move:
Actuator Loations: 
(0.000000, 0.000000, 0.000000)
(0.707107, 0.000000, 0.707107)
(1.414214, 0.000000, 1.414214)
Actuator angles: 45.000000, 0.000000, 0.000000, 
EndPoint: (2.121320,0.000000,2.121320)
Actuator Loations: 
(0.000000, 0.000000, 0.000000)
(0.707107, 0.000000, 0.707107)
(0.707107, 0.000000, 1.707107)
Actuator angles: 45.000000, 45.000000, 0.000000, 
EndPoint: (0.707107,0.000000,2.707107)

Itterating through 5832000000 states...Itterating through 5832000000 states...Itterating through 5832000000 states...Itterating through 5832000000 states...Building the world...Complete
Performing test move:
Actuator Loations: 
(0.000000, 0.000000, 0.000000)
(0.707107, 0.000000, 0.707107)
(1.414214, 0.000000, 1.414214)
Actuator angles: 45.000000, 0.000000, 0.000000, 
EndPoint: (2.121320,0.000000,2.121320)
Actuator Loations: 
(0.000000, 0.000000, 0.000000)
(0.707107, 0.000000, 0.707107)
(0.707107, 0.000000, 1.707107)
Actuator angles: 45.000000, 45.000000, 0.000000, 
EndPoint: (0.707107,0.000000,2.707107)

Itterating through 5832000000 states...Building the world...Complete
Performing test move:
Actuator Loations: 
(0.000000, 0.000000, 0.000000)
(0.707107, 0.000000, 0.707107)
(1.414214, 0.000000, 1.414214)
Actuator angles: 45.000000, 0.000000, 0.000000, 
EndPoint: (2.121320,0.000000,2.121320)
Actuator Loations: 
(0.000000, 0.000000, 0.000000)
(0.707107, 0.000000, 0.707107)
(0.707107, 0.000000, 1.707107)
Actuator angles: 45.000000, 45.000000, 0.000000, 
EndPoint: (0.707107,0.000000,2.707107)

Itterating through 5832000000 states...Building the world...Complete
Performing test move:
Actuator Loations: 
(0.000000, 0.000000, 0.000000)
(0.707107, 0.000000, 0.707107)
(1.414214, 0.000000, 1.414214)
Actuator angles: 45.000000, 0.000000, 0.000000, 
EndPoint: (2.121320,0.000000,2.121320)
Actuator Loations: 
(0.000000, 0.000000, 0.000000)
(0.707107, 0.000000, 0.707107)
(0.707107, 0.000000, 1.707107)
Actuator angles: 45.000000, 45.000000, 0.000000, 
EndPoint: (0.707107,0.000000,2.707107)

Building the world...Complete
Performing test move:
Actuator Loations: 
(0.000000, 0.000000, 0.000000)
(0.707107, 0.000000, 0.707107)
(1.414214, 0.000000, 1.414214)
Actuator angles: 45.000000, 0.000000, 0.000000, 
EndPoint: (2.121320,0.000000,2.121320)
Actuator Loations: 
(0.000000, 0.000000, 0.000000)
(0.707107, 0.000000, 0.707107)
(0.707107, 0.000000, 1.707107)
Actuator angles: 45.000000, 45.000000, 0.000000, 
EndPoint: (0.707107,0.000000,2.707107)

Itterating through 5832000000 states...Complete!
Time to brute search: 85.996416 

Lowest score was 0.000000 with angles: 90.000000, 0.000000, 180.000000, 
Actuator Loations: 
(0.000000, 0.000000, 0.000000)
(-0.000000, 0.000000, 1.000000)
(-0.000000, 0.000000, 2.000000)
EndPoint: (-0.000000,0.000000,1.000000)
Building the world...Complete
Performing test move:
Actuator Loations: 
(0.000000, 0.000000, 0.000000)
(0.707107, 0.000000, 0.707107)
(1.414214, 0.000000, 1.414214)
Actuator angles: 45.000000, 0.000000, 0.000000, 
EndPoint: (2.121320,0.000000,2.121320)
Actuator Loations: 
(0.000000, 0.000000, 0.000000)
(0.707107, 0.000000, 0.707107)
(0.707107, 0.000000, 1.707107)
Actuator angles: 45.000000, 45.000000, 0.000000, 
EndPoint: (0.707107,0.000000,2.707107)

Building the world...Complete
Performing test move:
Actuator Loations: 
(0.000000, 0.000000, 0.000000)
(0.707107, 0.000000, 0.707107)
(1.414214, 0.000000, 1.414214)
Actuator angles: 45.000000, 0.000000, 0.000000, 
EndPoint: (2.121320,0.000000,2.121320)
Actuator Loations: 
(0.000000, 0.000000, 0.000000)
(0.707107, 0.000000, 0.707107)
(0.707107, 0.000000, 1.707107)
Actuator angles: 45.000000, 45.000000, 0.000000, 
EndPoint: (0.707107,0.000000,2.707107)

Itterating through 5832000000 states...Building the world...Complete
Performing test move:
Actuator Loations: 
(0.000000, 0.000000, 0.000000)
(0.707107, 0.000000, 0.707107)
(1.414214, 0.000000, 1.414214)
Actuator angles: 45.000000, 0.000000, 0.000000, 
EndPoint: (2.121320,0.000000,2.121320)
Actuator Loations: 
(0.000000, 0.000000, 0.000000)
(0.707107, 0.000000, 0.707107)
(0.707107, 0.000000, 1.707107)
Actuator angles: 45.000000, 45.000000, 0.000000, 
EndPoint: (0.707107,0.000000,2.707107)

Building the world...Complete
Performing test move:
Actuator Loations: 
(0.000000, 0.000000, 0.000000)
(0.707107, 0.000000, 0.707107)
(1.414214, 0.000000, 1.414214)
Actuator angles: 45.000000, 0.000000, 0.000000, 
EndPoint: (2.121320,0.000000,2.121320)
Actuator Loations: 
(0.000000, 0.000000, 0.000000)
(0.707107, 0.000000, 0.707107)
(0.707107, 0.000000, 1.707107)
Actuator angles: 45.000000, 45.000000, 0.000000, 
EndPoint: (0.707107,0.000000,2.707107)

Building the world...Complete
Performing test move:
Actuator Loations: 
(0.000000, 0.000000, 0.000000)
(0.707107, 0.000000, 0.707107)
(1.414214, 0.000000, 1.414214)
Actuator angles: 45.000000, 0.000000, 0.000000, 
EndPoint: (2.121320,0.000000,2.121320)
Actuator Loations: 
(0.000000, 0.000000, 0.000000)
(0.707107, 0.000000, 0.707107)
(0.707107, 0.000000, 1.707107)
Actuator angles: 45.000000, 45.000000, 0.000000, 
EndPoint: (0.707107,0.000000,2.707107)

Itterating through 5832000000 states...Itterating through 5832000000 states...Itterating through 5832000000 states...Itterating through 5832000000 states...Building the world...Complete
Performing test move:
Actuator Loations: 
(0.000000, 0.000000, 0.000000)
(0.707107, 0.000000, 0.707107)
(1.414214, 0.000000, 1.414214)
Actuator angles: 45.000000, 0.000000, 0.000000, 
EndPoint: (2.121320,0.000000,2.121320)
Actuator Loations: 
(0.000000, 0.000000, 0.000000)
(0.707107, 0.000000, 0.707107)
(0.707107, 0.000000, 1.707107)
Actuator angles: 45.000000, 45.000000, 0.000000, 
EndPoint: (0.707107,0.000000,2.707107)

Building the world...Complete
Performing test move:
Actuator Loations: 
(0.000000, 0.000000, 0.000000)
(0.707107, 0.000000, 0.707107)
(1.414214, 0.000000, 1.414214)
Actuator angles: 45.000000, 0.000000, 0.000000, 
EndPoint: (2.121320,0.000000,2.121320)
Actuator Loations: 
(0.000000, 0.000000, 0.000000)
(0.707107, 0.000000, 0.707107)
(0.707107, 0.000000, 1.707107)
Actuator angles: 45.000000, 45.000000, 0.000000, 
EndPoint: (0.707107,0.000000,2.707107)

Itterating through 5832000000 states...Building the world...Complete
Performing test move:
Actuator Loations: 
(0.000000, 0.000000, 0.000000)
(0.707107, 0.000000, 0.707107)
(1.414214, 0.000000, 1.414214)
Actuator angles: 45.000000, 0.000000, 0.000000, 
EndPoint: (2.121320,0.000000,2.121320)
Actuator Loations: 
(0.000000, 0.000000, 0.000000)
(0.707107, 0.000000, 0.707107)
(0.707107, 0.000000, 1.707107)
Actuator angles: 45.000000, 45.000000, 0.000000, 
EndPoint: (0.707107,0.000000,2.707107)

Building the world...Complete
Performing test move:
Actuator Loations: 
(0.000000, 0.000000, 0.000000)
(0.707107, 0.000000, 0.707107)
(1.414214, 0.000000, 1.414214)
Actuator angles: 45.000000, 0.000000, 0.000000, 
EndPoint: (2.121320,0.000000,2.121320)
Actuator Loations: 
(0.000000, 0.000000, 0.000000)
(0.707107, 0.000000, 0.707107)
(0.707107, 0.000000, 1.707107)
Actuator angles: 45.000000, 45.000000, 0.000000, 
EndPoint: (0.707107,0.000000,2.707107)

Itterating through 5832000000 states...Itterating through 5832000000 states...Itterating through 5832000000 states...Itterating through 5832000000 states...Building the world...Complete
Performing test move:
Actuator Loations: 
(0.000000, 0.000000, 0.000000)
(0.707107, 0.000000, 0.707107)
(1.414214, 0.000000, 1.414214)
Actuator angles: 45.000000, 0.000000, 0.000000, 
EndPoint: (2.121320,0.000000,2.121320)
Actuator Loations: 
(0.000000, 0.000000, 0.000000)
(0.707107, 0.000000, 0.707107)
(0.707107, 0.000000, 1.707107)
Actuator angles: 45.000000, 45.000000, 0.000000, 
EndPoint: (0.707107,0.000000,2.707107)

Building the world...Complete
Performing test move:
Actuator Loations: 
(0.000000, 0.000000, 0.000000)
(0.707107, 0.000000, 0.707107)
(1.414214, 0.000000, 1.414214)
Actuator angles: 45.000000, 0.000000, 0.000000, 
EndPoint: (2.121320,0.000000,2.121320)
Actuator Loations: 
(0.000000, 0.000000, 0.000000)
(0.707107, 0.000000, 0.707107)
(0.707107, 0.000000, 1.707107)
Actuator angles: 45.000000, 45.000000, 0.000000, 
EndPoint: (0.707107,0.000000,2.707107)

Itterating through 5832000000 states...Itterating through 5832000000 states...Building the world...Complete
Performing test move:
Actuator Loations: 
(0.000000, 0.000000, 0.000000)
(0.707107, 0.000000, 0.707107)
(1.414214, 0.000000, 1.414214)
Actuator angles: 45.000000, 0.000000, 0.000000, 
EndPoint: (2.121320,0.000000,2.121320)
Actuator Loations: 
(0.000000, 0.000000, 0.000000)
(0.707107, 0.000000, 0.707107)
(0.707107, 0.000000, 1.707107)
Actuator angles: 45.000000, 45.000000, 0.000000, 
EndPoint: (0.707107,0.000000,2.707107)

Building the world...Complete
Performing test move:
Actuator Loations: 
(0.000000, 0.000000, 0.000000)
(0.707107, 0.000000, 0.707107)
(1.414214, 0.000000, 1.414214)
Actuator angles: 45.000000, 0.000000, 0.000000, 
EndPoint: (2.121320,0.000000,2.121320)
Actuator Loations: 
(0.000000, 0.000000, 0.000000)
(0.707107, 0.000000, 0.707107)
(0.707107, 0.000000, 1.707107)
Actuator angles: 45.000000, 45.000000, 0.000000, 
EndPoint: (0.707107,0.000000,2.707107)

Building the world...Complete
Performing test move:
Actuator Loations: 
(0.000000, 0.000000, 0.000000)
(0.707107, 0.000000, 0.707107)
(1.414214, 0.000000, 1.414214)
Actuator angles: 45.000000, 0.000000, 0.000000, 
EndPoint: (2.121320,0.000000,2.121320)
Actuator Loations: 
(0.000000, 0.000000, 0.000000)
(0.707107, 0.000000, 0.707107)
(0.707107, 0.000000, 1.707107)
Actuator angles: 45.000000, 45.000000, 0.000000, 
EndPoint: (0.707107,0.000000,2.707107)

Itterating through 5832000000 states...Itterating through 5832000000 states...Building the world...Complete
Performing test move:
Actuator Loations: 
(0.000000, 0.000000, 0.000000)
(0.707107, 0.000000, 0.707107)
(1.414214, 0.000000, 1.414214)
Actuator angles: 45.000000, 0.000000, 0.000000, 
EndPoint: (2.121320,0.000000,2.121320)
Actuator Loations: 
(0.000000, 0.000000, 0.000000)
(0.707107, 0.000000, 0.707107)
(0.707107, 0.000000, 1.707107)
Actuator angles: 45.000000, 45.000000, 0.000000, 
EndPoint: (0.707107,0.000000,2.707107)

Building the world...Complete
Performing test move:
Actuator Loations: 
(0.000000, 0.000000, 0.000000)
(0.707107, 0.000000, 0.707107)
(1.414214, 0.000000, 1.414214)
Actuator angles: 45.000000, 0.000000, 0.000000, 
EndPoint: (2.121320,0.000000,2.121320)
Actuator Loations: 
(0.000000, 0.000000, 0.000000)
(0.707107, 0.000000, 0.707107)
(0.707107, 0.000000, 1.707107)
Actuator angles: 45.000000, 45.000000, 0.000000, 
EndPoint: (0.707107,0.000000,2.707107)

Itterating through 5832000000 states...Itterating through 5832000000 states...Itterating through 5832000000 states...Building the world...Complete
Performing test move:
Actuator Loations: 
(0.000000, 0.000000, 0.000000)
(0.707107, 0.000000, 0.707107)
(1.414214, 0.000000, 1.414214)
Actuator angles: 45.000000, 0.000000, 0.000000, 
EndPoint: (2.121320,0.000000,2.121320)
Actuator Loations: 
(0.000000, 0.000000, 0.000000)
(0.707107, 0.000000, 0.707107)
(0.707107, 0.000000, 1.707107)
Actuator angles: 45.000000, 45.000000, 0.000000, 
EndPoint: (0.707107,0.000000,2.707107)

Itterating through 5832000000 states...Complete!
Time to brute search: 149.642949 

Lowest score was 0.000000 with angles: 90.000000, 0.000000, 180.000000, 
Actuator Loations: 
(0.000000, 0.000000, 0.000000)
(-0.000000, 0.000000, 1.000000)
(-0.000000, 0.000000, 2.000000)
EndPoint: (-0.000000,0.000000,1.000000)
Building the world...Complete
Performing test move:
Actuator Loations: 
(0.000000, 0.000000, 0.000000)
(0.707107, 0.000000, 0.707107)
(1.414214, 0.000000, 1.414214)
Actuator angles: 45.000000, 0.000000, 0.000000, 
EndPoint: (2.121320,0.000000,2.121320)
Actuator Loations: 
(0.000000, 0.000000, 0.000000)
(0.707107, 0.000000, 0.707107)
(0.707107, 0.000000, 1.707107)
Actuator angles: 45.000000, 45.000000, 0.000000, 
EndPoint: (0.707107,0.000000,2.707107)

Itterating through 5832000000 states...Complete!
Time to brute search: 253.437737 

Lowest score was 0.000000 with angles: 90.000000, 0.000000, 180.000000, 
Actuator Loations: 
(0.000000, 0.000000, 0.000000)
(-0.000000, 0.000000, 1.000000)
(-0.000000, 0.000000, 2.000000)
EndPoint: (-0.000000,0.000000,1.000000)
Building the world...Complete
Performing test move:
Actuator Loations: 
(0.000000, 0.000000, 0.000000)
(0.707107, 0.000000, 0.707107)
(1.414214, 0.000000, 1.414214)
Actuator angles: 45.000000, 0.000000, 0.000000, 
EndPoint: (2.121320,0.000000,2.121320)
Actuator Loations: 
(0.000000, 0.000000, 0.000000)
(0.707107, 0.000000, 0.707107)
(0.707107, 0.000000, 1.707107)
Actuator angles: 45.000000, 45.000000, 0.000000, 
EndPoint: (0.707107,0.000000,2.707107)

Itterating through 5832000000 states...Building the world...Complete
Performing test move:
Actuator Loations: 
(0.000000, 0.000000, 0.000000)
(0.707107, 0.000000, 0.707107)
(1.414214, 0.000000, 1.414214)
Actuator angles: 45.000000, 0.000000, 0.000000, 
EndPoint: (2.121320,0.000000,2.121320)
Actuator Loations: 
(0.000000, 0.000000, 0.000000)
(0.707107, 0.000000, 0.707107)
(0.707107, 0.000000, 1.707107)
Actuator angles: 45.000000, 45.000000, 0.000000, 
EndPoint: (0.707107,0.000000,2.707107)

Building the world...Complete
Performing test move:
Actuator Loations: 
(0.000000, 0.000000, 0.000000)
(0.707107, 0.000000, 0.707107)
(1.414214, 0.000000, 1.414214)
Actuator angles: 45.000000, 0.000000, 0.000000, 
EndPoint: (2.121320,0.000000,2.121320)
Actuator Loations: 
(0.000000, 0.000000, 0.000000)
(0.707107, 0.000000, 0.707107)
(0.707107, 0.000000, 1.707107)
Actuator angles: 45.000000, 45.000000, 0.000000, 
EndPoint: (0.707107,0.000000,2.707107)

Itterating through 5832000000 states...Itterating through 5832000000 states...Building the world...Complete
Performing test move:
Actuator Loations: 
(0.000000, 0.000000, 0.000000)
(0.707107, 0.000000, 0.707107)
(1.414214, 0.000000, 1.414214)
Actuator angles: 45.000000, 0.000000, 0.000000, 
EndPoint: (2.121320,0.000000,2.121320)
Actuator Loations: 
(0.000000, 0.000000, 0.000000)
(0.707107, 0.000000, 0.707107)
(0.707107, 0.000000, 1.707107)
Actuator angles: 45.000000, 45.000000, 0.000000, 
EndPoint: (0.707107,0.000000,2.707107)

Itterating through 5832000000 states...Building the world...Complete
Performing test move:
Actuator Loations: 
(0.000000, 0.000000, 0.000000)
(0.707107, 0.000000, 0.707107)
(1.414214, 0.000000, 1.414214)
Actuator angles: 45.000000, 0.000000, 0.000000, 
EndPoint: (2.121320,0.000000,2.121320)
Actuator Loations: 
(0.000000, 0.000000, 0.000000)
(0.707107, 0.000000, 0.707107)
(0.707107, 0.000000, 1.707107)
Actuator angles: 45.000000, 45.000000, 0.000000, 
EndPoint: (0.707107,0.000000,2.707107)

Itterating through 5832000000 states...Complete!
Time to brute search: 506.343797 

Lowest score was 0.000000 with angles: 90.000000, 0.000000, 180.000000, 
Actuator Loations: 
(0.000000, 0.000000, 0.000000)
(-0.000000, 0.000000, 1.000000)
(-0.000000, 0.000000, 2.000000)
EndPoint: (-0.000000,0.000000,1.000000)
Building the world...Complete
Performing test move:
Actuator Loations: 
(0.000000, 0.000000, 0.000000)
(0.707107, 0.000000, 0.707107)
(1.414214, 0.000000, 1.414214)
Actuator angles: 45.000000, 0.000000, 0.000000, 
EndPoint: (2.121320,0.000000,2.121320)
Actuator Loations: 
(0.000000, 0.000000, 0.000000)
(0.707107, 0.000000, 0.707107)
(0.707107, 0.000000, 1.707107)
Actuator angles: 45.000000, 45.000000, 0.000000, 
EndPoint: (0.707107,0.000000,2.707107)

Itterating through 5832000000 states...Complete!
Time to brute search: 1003.388393 

Lowest score was 0.000000 with angles: 90.000000, 0.000000, 180.000000, 
Actuator Loations: 
(0.000000, 0.000000, 0.000000)
(-0.000000, 0.000000, 1.000000)
(-0.000000, 0.000000, 2.000000)
EndPoint: (0.000000,0.000000,1.000000)
