
Chain length of: 1000000
Building the world...Complete



Runnng agent code

Visited 24142 nodes
Solution found with time: 0.577953
syncTime: 0.000668
 Node search Time: 0.577285
Actuator loations:
(0.000000, 0.000000, 0.000000)
(0.866025, 0.000000, 0.500000)
(-0.000000, 0.000000, 1.000000)
Actuator orientations:
(0.000000, -1.000000, 0.000000)
(0.000000, -1.000000, 0.000000)
(0.000000, -1.000000, 0.000000)
Actuator angles:
( 30.000000,  120.000000,  0.000000, )

Chain length of: 1000000
Building the world...Complete



Runnng agent code

Visited 24142 nodes
Solution found with time: 0.573744
syncTime: 0.000712
 Node search Time: 0.573032
Actuator loations:
(0.000000, 0.000000, 0.000000)
(0.866025, 0.000000, 0.500000)
(-0.000000, 0.000000, 1.000000)
Actuator orientations:
(0.000000, -1.000000, 0.000000)
(0.000000, -1.000000, 0.000000)
(0.000000, -1.000000, 0.000000)
Actuator angles:
( 30.000000,  120.000000,  0.000000, )



Chain length of: 1000000
Building the world...Complete



Runnng agent code

Visited 24142 nodes
Solution found with time: 0.578342
syncTime: 0.001539
 Node search Time: 0.576803
Actuator loations:
(0.000000, 0.000000, 0.000000)
(0.866025, 0.000000, 0.500000)
(-0.000000, 0.000000, 1.000000)
Actuator orientations:
(0.000000, -1.000000, 0.000000)
(0.000000, -1.000000, 0.000000)
(0.000000, -1.000000, 0.000000)
Actuator angles:
( 30.000000,  120.000000,  0.000000, )





Chain length of: 1000000
Building the world...Complete



Runnng agent code

Visited 24142 nodes
Solution found with time: 0.577055
syncTime: 0.000971
 Node search Time: 0.576084
Actuator loations:
(0.000000, 0.000000, 0.000000)
(0.866025, 0.000000, 0.500000)
(-0.000000, 0.000000, 1.000000)
Actuator orientations:
(0.000000, -1.000000, 0.000000)
(0.000000, -1.000000, 0.000000)
(0.000000, -1.000000, 0.000000)
Actuator angles:
( 30.000000,  120.000000,  0.000000, )






Chain length of: 1000000
Building the world...Complete



Runnng agent code

Visited 24142 nodes
Solution found with time: 0.600945
syncTime: 0.002226
 Node search Time: 0.598719
Actuator loations:
(0.000000, 0.000000, 0.000000)
(0.866025, 0.000000, 0.500000)
(-0.000000, 0.000000, 1.000000)
Actuator orientations:
(0.000000, -1.000000, 0.000000)
(0.000000, -1.000000, 0.000000)
(0.000000, -1.000000, 0.000000)
Actuator angles:
( 30.000000,  120.000000,  0.000000, )













Chain length of: 1000000
Building the world...Complete



Runnng agent code

Visited 24142 nodes
Solution found with time: 0.581485
syncTime: 0.001948
 Node search Time: 0.579537
Actuator loations:
(0.000000, 0.000000, 0.000000)
(0.866025, 0.000000, 0.500000)
(-0.000000, 0.000000, 1.000000)
Actuator orientations:
(0.000000, -1.000000, 0.000000)
(0.000000, -1.000000, 0.000000)
(0.000000, -1.000000, 0.000000)
Actuator angles:
( 30.000000,  120.000000,  0.000000, )
































Chain length of: 1000000
Building the world...Complete



Runnng agent code

Visited 24142 nodes
Solution found with time: 0.574281
syncTime: 0.001650
 Node search Time: 0.572631
Actuator loations:
(0.000000, 0.000000, 0.000000)
(0.866025, 0.000000, 0.500000)
(-0.000000, 0.000000, 1.000000)
Actuator orientations:
(0.000000, -1.000000, 0.000000)
(0.000000, -1.000000, 0.000000)
(0.000000, -1.000000, 0.000000)
Actuator angles:
( 30.000000,  120.000000,  0.000000, )


