
Chain length of: 1000000
Building the world...Complete



Runnng agent code

Visited 246406 nodes
Solution found with time: 30.809178
syncTime: 0.000705
 Node search Time: 30.808473
Actuator loations:
(0.000000, 0.000000, 0.000000)
(0.866025, 0.000000, 0.500000)
Actuator orientations:
(0.000000, -1.000000, 0.000000)
(0.000000, -1.000000, 0.000000)
Actuator angles:
( 30.000000,  120.000000, )

Chain length of: 1000000
Building the world...Complete



Runnng agent code

Visited 246406 nodes
Solution found with time: 30.677786
syncTime: 0.000698
 Node search Time: 30.677088
Actuator loations:
(0.000000, 0.000000, 0.000000)
(0.866025, 0.000000, 0.500000)
Actuator orientations:
(0.000000, -1.000000, 0.000000)
(0.000000, -1.000000, 0.000000)
Actuator angles:
( 30.000000,  120.000000, )




Chain length of: 1000000
Building the world...Complete



Runnng agent code

Visited 246406 nodes
Solution found with time: 31.015041
syncTime: 0.001268
 Node search Time: 31.013773
Actuator loations:
(0.000000, 0.000000, 0.000000)
(0.866025, 0.000000, 0.500000)
Actuator orientations:
(0.000000, -1.000000, 0.000000)
(0.000000, -1.000000, 0.000000)
Actuator angles:
( 30.000000,  120.000000, )



Chain length of: 1000000
Building the world...Complete



Runnng agent code

Visited 246406 nodes
Solution found with time: 30.959485
syncTime: 0.000664
 Node search Time: 30.958821
Actuator loations:
(0.000000, 0.000000, 0.000000)
(0.866025, 0.000000, 0.500000)
Actuator orientations:
(0.000000, -1.000000, 0.000000)
(0.000000, -1.000000, 0.000000)
Actuator angles:
( 30.000000,  120.000000, )













Chain length of: 1000000
Building the world...Complete



Runnng agent code

Visited 246406 nodes
Solution found with time: 30.960959
syncTime: 0.000734
 Node search Time: 30.960225
Actuator loations:
(0.000000, 0.000000, 0.000000)
(0.866025, 0.000000, 0.500000)
Actuator orientations:
(0.000000, -1.000000, 0.000000)
(0.000000, -1.000000, 0.000000)
Actuator angles:
( 30.000000,  120.000000, )














Chain length of: 1000000
Building the world...Complete



Runnng agent code

Visited 246406 nodes
Solution found with time: 30.978156
syncTime: 0.002114
 Node search Time: 30.976041
Actuator loations:
(0.000000, 0.000000, 0.000000)
(0.866025, 0.000000, 0.500000)
Actuator orientations:
(0.000000, -1.000000, 0.000000)
(0.000000, -1.000000, 0.000000)
Actuator angles:
( 30.000000,  120.000000, )















Chain length of: 1000000
Building the world...Complete



Runnng agent code

Visited 246406 nodes
Solution found with time: 31.049968
syncTime: 0.001056
 Node search Time: 31.048913
Actuator loations:
(0.000000, 0.000000, 0.000000)
(0.866025, 0.000000, 0.500000)
Actuator orientations:
(0.000000, -1.000000, 0.000000)
(0.000000, -1.000000, 0.000000)
Actuator angles:
( 30.000000,  120.000000, )












