
Chain length of: 10000
Building the world...Complete



Runnng agent code

Visited 246293 nodes
Solution found with time: 32.534678
syncTime: 1.736652
 Node search Time: 30.798026
Actuator loations:
(0.000000, 0.000000, 0.000000)
(0.866025, 0.000000, 0.500000)
Actuator orientations:
(0.000000, -1.000000, 0.000000)
(0.000000, -1.000000, 0.000000)
Actuator angles:
( 30.000000,  120.000000, )


Chain length of: 10000
Building the world...Complete



Runnng agent code

Visited 265762 nodes
Solution found with time: 42.162006
syncTime: 15.903711
 Node search Time: 26.258295
Actuator loations:
(0.000000, 0.000000, 0.000000)
(0.866025, 0.000000, 0.500000)
Actuator orientations:
(0.000000, -1.000000, 0.000000)
(0.000000, -1.000000, 0.000000)
Actuator angles:
( 30.000000,  120.000000, )


Chain length of: 10000
Building the world...Complete



Runnng agent code

Visited 310889 nodes
Solution found with time: 66.109386
syncTime: 40.793527
 Node search Time: 25.315859
Actuator loations:
(0.000000, 0.000000, 0.000000)
(0.866025, 0.000000, 0.500000)
Actuator orientations:
(0.000000, -1.000000, 0.000000)
(0.000000, -1.000000, 0.000000)
Actuator angles:
( 30.000000,  120.000000, )



Chain length of: 10000
Building the world...Complete



Runnng agent code

Visited 445240 nodes
Solution found with time: 143.132473
syncTime: 123.547454
 Node search Time: 19.585019
Actuator loations:
(0.000000, 0.000000, 0.000000)
(0.866025, 0.000000, 0.500000)
Actuator orientations:
(0.000000, -1.000000, 0.000000)
(0.000000, -1.000000, 0.000000)
Actuator angles:
( 30.000000,  120.000000, )











Chain length of: 10000
Building the world...Complete



Runnng agent code

Visited 246293 nodes
Solution found with time: 68.898982
syncTime: 65.380032
 Node search Time: 3.518950
Actuator loations:
(0.000000, 0.000000, 0.000000)
(0.866025, 0.000000, 0.500000)
Actuator orientations:
(0.000000, -1.000000, 0.000000)
(0.000000, -1.000000, 0.000000)
Actuator angles:
( 30.000000,  120.000000, )












Chain length of: 10000
Building the world...Complete



Runnng agent code

Visited 246293 nodes
Solution found with time: 72.330896
syncTime: 68.564220
 Node search Time: 3.766676
Actuator loations:
(0.000000, 0.000000, 0.000000)
(0.866025, 0.000000, 0.500000)
Actuator orientations:
(0.000000, -1.000000, 0.000000)
(0.000000, -1.000000, 0.000000)
Actuator angles:
( 30.000000,  120.000000, )



























Chain length of: 10000
Building the world...Complete



Runnng agent code

Visited 246293 nodes
Solution found with time: 77.896930
syncTime: 73.771148
 Node search Time: 4.125782
Actuator loations:
(0.000000, 0.000000, 0.000000)
(0.866025, 0.000000, 0.500000)
Actuator orientations:
(0.000000, -1.000000, 0.000000)
(0.000000, -1.000000, 0.000000)
Actuator angles:
( 30.000000,  120.000000, )





