
Chain length of: 100000
Building the world...Complete



Runnng agent code

Visited 246410 nodes
Solution found with time: 31.193234
syncTime: 0.154788
 Node search Time: 31.038446
Actuator loations:
(0.000000, 0.000000, 0.000000)
(0.866025, 0.000000, 0.500000)
Actuator orientations:
(0.000000, -1.000000, 0.000000)
(0.000000, -1.000000, 0.000000)
Actuator angles:
( 30.000000,  120.000000, )


Chain length of: 100000
Building the world...Complete



Runnng agent code

Visited 231023 nodes
Solution found with time: 28.161507
syncTime: 5.965974
 Node search Time: 22.195533
Actuator loations:
(0.000000, 0.000000, 0.000000)
(0.866025, 0.000000, 0.500000)
Actuator orientations:
(0.000000, -1.000000, 0.000000)
(0.000000, -1.000000, 0.000000)
Actuator angles:
( 30.000000,  120.000000, )

Chain length of: 100000
Building the world...Complete



Runnng agent code

Visited 218155 nodes
Solution found with time: 32.235206
syncTime: 6.265341
 Node search Time: 25.969865
Actuator loations:
(0.000000, 0.000000, 0.000000)
(0.866025, 0.000000, 0.500000)
Actuator orientations:
(0.000000, -1.000000, 0.000000)
(0.000000, -1.000000, 0.000000)
Actuator angles:
( 30.000000,  120.000000, )




Chain length of: 100000
Building the world...Complete



Runnng agent code

Visited 217032 nodes
Solution found with time: 33.112993
syncTime: 8.819005
 Node search Time: 24.293988
Actuator loations:
(0.000000, 0.000000, 0.000000)
(0.866025, 0.000000, 0.500000)
Actuator orientations:
(0.000000, -1.000000, 0.000000)
(0.000000, -1.000000, 0.000000)
Actuator angles:
( 30.000000,  120.000000, )







Chain length of: 100000
Building the world...Complete



Runnng agent code

Visited 246410 nodes
Solution found with time: 50.102336
syncTime: 26.878383
 Node search Time: 23.223954
Actuator loations:
(0.000000, 0.000000, 0.000000)
(0.866025, 0.000000, 0.500000)
Actuator orientations:
(0.000000, -1.000000, 0.000000)
(0.000000, -1.000000, 0.000000)
Actuator angles:
( 30.000000,  120.000000, )












Chain length of: 100000
Building the world...Complete



Runnng agent code

Visited 246410 nodes
Solution found with time: 50.474159
syncTime: 26.962032
 Node search Time: 23.512127
Actuator loations:
(0.000000, 0.000000, 0.000000)
(0.866025, 0.000000, 0.500000)
Actuator orientations:
(0.000000, -1.000000, 0.000000)
(0.000000, -1.000000, 0.000000)
Actuator angles:
( 30.000000,  120.000000, )


























Chain length of: 100000
Building the world...Complete



Runnng agent code

Visited 246410 nodes
Solution found with time: 51.017807
syncTime: 27.215425
 Node search Time: 23.802382
Actuator loations:
(0.000000, 0.000000, 0.000000)
(0.866025, 0.000000, 0.500000)
Actuator orientations:
(0.000000, -1.000000, 0.000000)
(0.000000, -1.000000, 0.000000)
Actuator angles:
( 30.000000,  120.000000, )









